<?xml version="1.0" encoding="UTF-8"?>
<!-- Generated by org.testng.reporters.JUnitReportReporter -->
<testsuite hostname="DESKTOP-E2AN8S0" failures="0" tests="1" name="testCase.SignUpTest" time="66.877" errors="0" timestamp="05 Sep 2021 12:54:31 GMT" skipped="0">
  <testcase classname="testCase.SignUpTest" name="signOut" time="66.877"/>
</testsuite> <!-- testCase.SignUpTest -->
